<?xml version="1.0" encoding="UTF-8"?>
<!-- Generated by org.testng.reporters.JUnitReportReporter -->
<testsuite hostname="DESKTOP-I59386F" failures="0" tests="4" name="api.test.UserTestCases" time="12.881" errors="0" timestamp="2023-04-14T23:03:27 IST" skipped="0">
  <testcase classname="api.test.UserTestCases" name="testPostUser" time="5.598"/>
  <system-out/>
  <testcase classname="api.test.UserTestCases" name="testUserByName" time="1.794"/>
  <system-out/>
  <testcase classname="api.test.UserTestCases" name="testUpdateByName" time="3.552"/>
  <system-out/>
  <testcase classname="api.test.UserTestCases" name="testDeleteUserByName" time="1.937"/>
  <system-out/>
</testsuite> <!-- api.test.UserTestCases -->
