<?xml version="1.0" encoding="UTF-8"?>
<!-- Generated by org.testng.reporters.JUnitReportReporter -->
<testsuite hostname="DESKTOP-I59386F" failures="0" tests="1" name="api.endpoints.DemoDate" time="0.129" errors="0" timestamp="2023-04-14T21:18:45 IST" skipped="0">
  <testcase classname="api.endpoints.DemoDate" name="m1" time="0.129"/>
  <system-out/>
</testsuite> <!-- api.endpoints.DemoDate -->
