<?xml version="1.0" encoding="UTF-8"?>
<!-- Generated by org.testng.reporters.JUnitReportReporter -->
<testsuite hostname="DESKTOP-I59386F" failures="0" tests="1" name="api.utilities.FetchData" time="5.289" errors="0" timestamp="2023-04-13T18:59:20 IST" skipped="0">
  <testcase classname="api.utilities.FetchData" name="getData" time="5.289"/>
  <system-out/>
</testsuite> <!-- api.utilities.FetchData -->
